{"/Users/apple/2025/potting-soil-calculator/src/utils/calculator.ts": {"path":"/Users/apple/2025/potting-soil-calculator/src/utils/calculator.ts","statementMap":{"0":{"start":{"line":37,"column":0},"end":{"line":37,"column":16}},"1":{"start":{"line":25,"column":17},"end":{"line":28,"column":1}},"2":{"start":{"line":26,"column":14},"end":{"line":26,"column":27}},"3":{"start":{"line":27,"column":2},"end":{"line":27,"column":30}},"4":{"start":{"line":38,"column":16},"end":{"line":38,"column":27}},"5":{"start":{"line":41,"column":16},"end":{"line":41,"column":37}},"6":{"start":{"line":42,"column":17},"end":{"line":42,"column":39}},"7":{"start":{"line":43,"column":17},"end":{"line":43,"column":39}},"8":{"start":{"line":44,"column":19},"end":{"line":44,"column":43}},"9":{"start":{"line":45,"column":22},"end":{"line":45,"column":49}},"10":{"start":{"line":46,"column":25},"end":{"line":46,"column":55}},"11":{"start":{"line":47,"column":22},"end":{"line":47,"column":49}},"12":{"start":{"line":48,"column":19},"end":{"line":48,"column":43}},"13":{"start":{"line":51,"column":2},"end":{"line":51,"column":45}},"14":{"start":{"line":51,"column":36},"end":{"line":51,"column":45}},"15":{"start":{"line":53,"column":18},"end":{"line":53,"column":19}},"16":{"start":{"line":55,"column":2},"end":{"line":90,"column":3}},"17":{"start":{"line":58,"column":6},"end":{"line":60,"column":7}},"18":{"start":{"line":59,"column":8},"end":{"line":59,"column":44}},"19":{"start":{"line":61,"column":6},"end":{"line":61,"column":12}},"20":{"start":{"line":65,"column":6},"end":{"line":68,"column":7}},"21":{"start":{"line":66,"column":23},"end":{"line":66,"column":35}},"22":{"start":{"line":67,"column":8},"end":{"line":67,"column":55}},"23":{"start":{"line":69,"column":6},"end":{"line":69,"column":12}},"24":{"start":{"line":73,"column":6},"end":{"line":81,"column":7}},"25":{"start":{"line":74,"column":21},"end":{"line":74,"column":36}},"26":{"start":{"line":75,"column":24},"end":{"line":75,"column":42}},"27":{"start":{"line":76,"column":8},"end":{"line":80,"column":61}},"28":{"start":{"line":82,"column":6},"end":{"line":82,"column":12}},"29":{"start":{"line":86,"column":6},"end":{"line":88,"column":7}},"30":{"start":{"line":87,"column":8},"end":{"line":87,"column":41}},"31":{"start":{"line":89,"column":6},"end":{"line":89,"column":12}},"32":{"start":{"line":93,"column":18},"end":{"line":93,"column":42}},"33":{"start":{"line":96,"column":2},"end":{"line":96,"column":40}}},"fnMap":{"0":{"name":"(anonymous_0)","decl":{"start":{"line":25,"column":17},"end":{"line":25,"column":18}},"loc":{"start":{"line":25,"column":53},"end":{"line":28,"column":1}}},"1":{"name":"calculateSoilVolume","decl":{"start":{"line":37,"column":16},"end":{"line":37,"column":35}},"loc":{"start":{"line":37,"column":54},"end":{"line":97,"column":1}}}},"branchMap":{"0":{"loc":{"start":{"line":27,"column":9},"end":{"line":27,"column":29}},"type":"cond-expr","locations":[{"start":{"line":27,"column":22},"end":{"line":27,"column":23}},{"start":{"line":27,"column":26},"end":{"line":27,"column":29}}]},"1":{"loc":{"start":{"line":51,"column":2},"end":{"line":51,"column":45}},"type":"if","locations":[{"start":{"line":51,"column":2},"end":{"line":51,"column":45}}]},"2":{"loc":{"start":{"line":51,"column":6},"end":{"line":51,"column":34}},"type":"binary-expr","locations":[{"start":{"line":51,"column":6},"end":{"line":51,"column":17}},{"start":{"line":51,"column":21},"end":{"line":51,"column":34}}]},"3":{"loc":{"start":{"line":55,"column":2},"end":{"line":90,"column":3}},"type":"switch","locations":[{"start":{"line":56,"column":4},"end":{"line":61,"column":12}},{"start":{"line":63,"column":4},"end":{"line":69,"column":12}},{"start":{"line":71,"column":4},"end":{"line":82,"column":12}},{"start":{"line":84,"column":4},"end":{"line":89,"column":12}}]},"4":{"loc":{"start":{"line":58,"column":6},"end":{"line":60,"column":7}},"type":"if","locations":[{"start":{"line":58,"column":6},"end":{"line":60,"column":7}}]},"5":{"loc":{"start":{"line":58,"column":10},"end":{"line":58,"column":33}},"type":"binary-expr","locations":[{"start":{"line":58,"column":10},"end":{"line":58,"column":19}},{"start":{"line":58,"column":23},"end":{"line":58,"column":33}}]},"6":{"loc":{"start":{"line":65,"column":6},"end":{"line":68,"column":7}},"type":"if","locations":[{"start":{"line":65,"column":6},"end":{"line":68,"column":7}}]},"7":{"loc":{"start":{"line":73,"column":6},"end":{"line":81,"column":7}},"type":"if","locations":[{"start":{"line":73,"column":6},"end":{"line":81,"column":7}}]},"8":{"loc":{"start":{"line":73,"column":10},"end":{"line":73,"column":47}},"type":"binary-expr","locations":[{"start":{"line":73,"column":10},"end":{"line":73,"column":25}},{"start":{"line":73,"column":29},"end":{"line":73,"column":47}}]},"9":{"loc":{"start":{"line":86,"column":6},"end":{"line":88,"column":7}},"type":"if","locations":[{"start":{"line":86,"column":6},"end":{"line":88,"column":7}}]}},"s":{"0":1,"1":1,"2":48,"3":48,"4":6,"5":6,"6":6,"7":6,"8":6,"9":6,"10":6,"11":6,"12":6,"13":6,"14":1,"15":5,"16":5,"17":2,"18":2,"19":2,"20":1,"21":1,"22":1,"23":1,"24":1,"25":1,"26":1,"27":1,"28":1,"29":1,"30":1,"31":1,"32":5,"33":5},"f":{"0":48,"1":6},"b":{"0":[26,22],"1":[1],"2":[6,5],"3":[2,1,1,1],"4":[2],"5":[2,2],"6":[1],"7":[1],"8":[1,1],"9":[1]}}
}
