TN:
SF:src/utils/calculator.ts
FN:25,(anonymous_0)
FN:37,calculateSoilVolume
FNF:2
FNH:2
FNDA:48,(anonymous_0)
FNDA:6,calculateSoilVolume
DA:25,1
DA:26,48
DA:27,48
DA:37,1
DA:38,6
DA:41,6
DA:42,6
DA:43,6
DA:44,6
DA:45,6
DA:46,6
DA:47,6
DA:48,6
DA:51,6
DA:53,5
DA:55,5
DA:58,2
DA:59,2
DA:61,2
DA:65,1
DA:66,1
DA:67,1
DA:69,1
DA:73,1
DA:74,1
DA:75,1
DA:76,1
DA:82,1
DA:86,1
DA:87,1
DA:89,1
DA:93,5
DA:96,5
LF:33
LH:33
BRDA:27,0,0,26
BRDA:27,0,1,22
BRDA:51,1,0,1
BRDA:51,2,0,6
BRDA:51,2,1,5
BRDA:55,3,0,2
BRDA:55,3,1,1
BRDA:55,3,2,1
BRDA:55,3,3,1
BRDA:58,4,0,2
BRDA:58,5,0,2
BRDA:58,5,1,2
BRDA:65,6,0,1
BRDA:73,7,0,1
BRDA:73,8,0,1
BRDA:73,8,1,1
BRDA:86,9,0,1
BRF:17
BRH:17
end_of_record
